
                                      ARENA Simulation Results
                            nestorandres4@hotmail.com - License: STUDENT

                                  Summary for Replication 1 of 12

Project: Tener Articulso                                             Run execution date : 5/21/2025
Analyst: nestorandres4@hotmail.com                                   Model revision date: 5/21/2025

Replication ended at time      : 2100.0 Minutes 
Base Time Units: Minutes

                                           TALLY VARIABLES

Identifier                                  Average   Half Width  Minimum    Maximum   Observations
___________________________________________________________________________________________________

Sacar Articulos.VATimePerEntity             1.9716     .08262     .00000     3.8777        796    
Sacar Articulos.WaitTimePerEntity           1.4360     .11271     .00000     6.7248        796    
Desembalaje.VATimePerEntity                 12.092     (Insuf)    8.3241     15.593         66    
Organizar.VATimePerEntity                   1.4867     .02201     1.0006     1.9985        793    
Desembalaje.TotalTimePerEntity              22.970     (Insuf)    11.954     40.955         66    
Organizar.TotalTimePerEntity                17.100     (Corr)     1.0632     43.146        793    
Sacar Articulos.TotalTimePerEntity          3.4076     .17534     .00000     9.5509        796    
Desembalaje.WaitTimePerEntity               10.878     (Insuf)    .00000     29.051         66    
Organizar.WaitTimePerEntity                 15.613     (Corr)     .00000     41.574        793    
Carros.VATime                               .00000     .00000     .00000     .00000        351    
Carros.NVATime                              .00000     .00000     .00000     .00000        351    
Carros.WaitTime                             8.7841     (Corr)     .00000     47.909        351    
Carros.TranTime                             .00000     .00000     .00000     .00000        351    
Carros.OtherTime                            .00000     .00000     .00000     .00000        351    
Carros.TotalTime                            8.7841     (Corr)     .00000     47.909        351    
Articulos.VATime                            4.4631     (Corr)     1.0027     20.274        792    
Articulos.NVATime                           .00000     .00000     .00000     .00000        792    
Articulos.WaitTime                          23.576     (Corr)     .00000     216.22        792    
Articulos.TranTime                          .00000     .00000     .00000     .00000        792    
Articulos.OtherTime                         .00000     .00000     .00000     .00000        792    
Articulos.TotalTime                         28.039     (Corr)     4.2588     230.83        792    
Organizar.Queue.WaitingTime                 15.613     (Corr)     .00000     41.574        793    
Sacar Articulos.Queue.WaitingTime           1.4342     .11271     .00000     6.7248        797    
Desembalaje.Queue.WaitingTime               10.716     (Insuf)    .00000     29.051         67    
NoOrganizar.Queue.WaitingTime               49.502     (Insuf)    .00000     174.66         67    
Detener Carros.Queue.WaitingTime            8.7841     (Corr)     .00000     47.909        351    
TenerArticulos.Queue.WaitingTime            1.4192     .08619     .00000     6.9412        796    

                                     DISCRETE-CHANGE VARIABLES

Identifier                                  Average   Half Width  Minimum    Maximum   Final Value
___________________________________________________________________________________________________

Carros.WIP                                  1.4710     (Corr)     .00000     13.000     2.0000    
Articulos.WIP                               10.592     (Corr)     .00000     28.000     6.0000    
rOrganizdor.NumberBusy                      .94298     (Insuf)    .00000     1.0000     1.0000    
rOrganizdor.NumberScheduled                 1.0000     (Insuf)    1.0000     1.0000     1.0000    
rOrganizdor.Utilization                     .94298     (Insuf)    .00000     1.0000     1.0000    
rSacador.NumberBusy                         .74794     (Insuf)    .00000     1.0000     1.0000    
rSacador.NumberScheduled                    1.0000     (Insuf)    1.0000     1.0000     1.0000    
rSacador.Utilization                        .74794     (Insuf)    .00000     1.0000     1.0000    
Organizar.Queue.NumberInQueue               5.8978     (Corr)     .00000     19.000     3.0000    
Sacar Articulos.Queue.NumberInQueue         .54488     .07094     .00000     2.0000     1.0000    
Desembalaje.Queue.NumberInQueue             .34190     (Insuf)    .00000     1.0000     .00000    
NoOrganizar.Queue.NumberInQueue             1.5793     (Insuf)    .00000     8.0000     .00000    
Detener Carros.Queue.NumberInQueue          1.4710     (Corr)     .00000     10.000     2.0000    
TenerArticulos.Queue.NumberInQueue          .53794     .06532     .00000     3.0000     .00000    

                                             OUTPUTS

Identifier                                   Value
_____________________________________________________________

Sacar Articulos Accum VA Time               1569.4    
Organizar Accum Wait Time                   12381.    
Organizar Number In                         796.00    
Desembalaje Number In                       67.000    
Desembalaje Number Out                      66.000    
Sacar Articulos Number In                   798.00    
Desembalaje Accum VA Time                   798.09    
Sacar Articulos Accum Wait Time             1143.0    
Organizar Number Out                        793.00    
Sacar Articulos Number Out                  796.00    
Desembalaje Accum Wait Time                 717.97    
Organizar Accum VA Time                     1178.9    
Carros.NumberIn                             1151.0    
Carros.NumberOut                            1149.0    
Articulos.NumberIn                          798.00    
Articulos.NumberOut                         792.00    
rOrganizdor.NumberSeized                    860.00    
rOrganizdor.ScheduledUtilization            .94298    
rSacador.NumberSeized                       797.00    
rSacador.ScheduledUtilization               .74794    
System.NumberOut                            1143.0    

Beginning replication 2 of 12

                                      ARENA Simulation Results
                            nestorandres4@hotmail.com - License: STUDENT

                                  Summary for Replication 2 of 12

Project: Tener Articulso                                             Run execution date : 5/21/2025
Analyst: nestorandres4@hotmail.com                                   Model revision date: 5/21/2025

Replication ended at time      : 2100.0 Minutes 
Base Time Units: Minutes

                                           TALLY VARIABLES

Identifier                                  Average   Half Width  Minimum    Maximum   Observations
___________________________________________________________________________________________________

Sacar Articulos.VATimePerEntity             1.9819     .09175     .00000     3.9809        841    
Sacar Articulos.WaitTimePerEntity           1.4401     .10960     .00000     6.9008        841    
Desembalaje.VATimePerEntity                 11.308     (Insuf)    8.0766     15.674         60    
Organizar.VATimePerEntity                   1.5150     .01827     1.0018     1.9997        829    
Desembalaje.TotalTimePerEntity              25.186     (Insuf)    9.8077     51.263         60    
Organizar.TotalTimePerEntity                21.266     (Corr)     1.0109     52.433        829    
Sacar Articulos.TotalTimePerEntity          3.4220     .17007     .00000     9.8025        841    
Desembalaje.WaitTimePerEntity               13.877     (Insuf)    .00000     38.764         60    
Organizar.WaitTimePerEntity                 19.751     (Corr)     .00000     50.479        829    
Carros.VATime                               .00000     .00000     .00000     .00000        366    
Carros.NVATime                              .00000     .00000     .00000     .00000        366    
Carros.WaitTime                             9.3103     (Corr)     .00000     46.266        366    
Carros.TranTime                             .00000     .00000     .00000     .00000        366    
Carros.OtherTime                            .00000     .00000     .00000     .00000        366    
Carros.TotalTime                            9.3103     (Corr)     .00000     46.266        366    
Articulos.VATime                            4.3179     .23139     1.0032     19.726        826    
Articulos.NVATime                           .00000     .00000     .00000     .00000        826    
Articulos.WaitTime                          25.772     (Corr)     .00000     190.32        826    
Articulos.TranTime                          .00000     .00000     .00000     .00000        826    
Articulos.OtherTime                         .00000     .00000     .00000     .00000        826    
Articulos.TotalTime                         30.090     (Corr)     3.3941     204.44        826    
Organizar.Queue.WaitingTime                 19.751     (Corr)     .00000     50.479        829    
Sacar Articulos.Queue.WaitingTime           1.4384     .10960     .00000     6.9008        842    
Desembalaje.Queue.WaitingTime               13.935     (Insuf)    .00000     38.764         61    
NoOrganizar.Queue.WaitingTime               31.184     (Insuf)    .00000     136.75         61    
Detener Carros.Queue.WaitingTime            9.3103     (Corr)     .00000     46.266        366    
TenerArticulos.Queue.WaitingTime            1.4443     .09341     .00000     6.8450        841    

                                     DISCRETE-CHANGE VARIABLES

Identifier                                  Average   Half Width  Minimum    Maximum   Final Value
___________________________________________________________________________________________________

Carros.WIP                                  1.6226     (Corr)     .00000     14.000     .00000    
Articulos.WIP                               12.162     (Corr)     .00000     30.000     18.000    
rOrganizdor.NumberBusy                      .92627     (Insuf)    .00000     1.0000     1.0000    
rOrganizdor.NumberScheduled                 1.0000     (Insuf)    1.0000     1.0000     1.0000    
rOrganizdor.Utilization                     .92627     (Insuf)    .00000     1.0000     1.0000    
rSacador.NumberBusy                         .79408     (Insuf)    .00000     1.0000     1.0000    
rSacador.NumberScheduled                    1.0000     (Insuf)    1.0000     1.0000     1.0000    
rSacador.Utilization                        .79408     (Insuf)    .00000     1.0000     1.0000    
Organizar.Queue.NumberInQueue               7.8974     (Corr)     .00000     26.000     12.000    
Sacar Articulos.Queue.NumberInQueue         .57749     .05285     .00000     2.0000     2.0000    
Desembalaje.Queue.NumberInQueue             .40480     (Insuf)    .00000     1.0000     .00000    
NoOrganizar.Queue.NumberInQueue             .98367     (Insuf)    .00000     4.0000     2.0000    
Detener Carros.Queue.NumberInQueue          1.6226     (Corr)     .00000     12.000     .00000    
TenerArticulos.Queue.NumberInQueue          .57844     .05242     .00000     3.0000     .00000    

                                             OUTPUTS

Identifier                                   Value
_____________________________________________________________

Sacar Articulos Accum VA Time               1666.7    
Organizar Accum Wait Time                   16374.    
Organizar Number In                         841.00    
Desembalaje Number In                       61.000    
Desembalaje Number Out                      60.000    
Sacar Articulos Number In                   844.00    
Desembalaje Accum VA Time                   678.52    
Sacar Articulos Accum Wait Time             1211.1    
Organizar Number Out                        829.00    
Sacar Articulos Number Out                  841.00    
Desembalaje Accum Wait Time                 832.65    
Organizar Accum VA Time                     1255.9    
Carros.NumberIn                             1210.0    
Carros.NumberOut                            1210.0    
Articulos.NumberIn                          844.00    
Articulos.NumberOut                         826.00    
rOrganizdor.NumberSeized                    890.00    
rOrganizdor.ScheduledUtilization            .92627    
rSacador.NumberSeized                       842.00    
rSacador.ScheduledUtilization               .79408    
System.NumberOut                            1192.0    

Beginning replication 3 of 12

                                      ARENA Simulation Results
                            nestorandres4@hotmail.com - License: STUDENT

                                  Summary for Replication 3 of 12

Project: Tener Articulso                                             Run execution date : 5/21/2025
Analyst: nestorandres4@hotmail.com                                   Model revision date: 5/21/2025

Replication ended at time      : 2100.0 Minutes 
Base Time Units: Minutes

                                           TALLY VARIABLES

Identifier                                  Average   Half Width  Minimum    Maximum   Observations
___________________________________________________________________________________________________

Sacar Articulos.VATimePerEntity             1.9604     .07295     .00000     3.9037        834    
Sacar Articulos.WaitTimePerEntity           1.4484     (Corr)     .00000     7.3132        834    
Desembalaje.VATimePerEntity                 12.185     (Insuf)    8.1389     15.992         69    
Organizar.VATimePerEntity                   1.5057     .01518     1.0003     1.9993        821    
Desembalaje.TotalTimePerEntity              26.864     (Insuf)    12.210     41.385         69    
Organizar.TotalTimePerEntity                23.344     (Corr)     1.2674     41.704        821    
Sacar Articulos.TotalTimePerEntity          3.4089     (Corr)     .00000     9.9798        834    
Desembalaje.WaitTimePerEntity               14.679     (Insuf)    .00000     31.352         69    
Organizar.WaitTimePerEntity                 21.838     (Corr)     .00000     40.159        821    
Carros.VATime                               .00000     .00000     .00000     .00000        368    
Carros.NVATime                              .00000     .00000     .00000     .00000        368    
Carros.WaitTime                             7.9498     (Corr)     .00000     33.267        368    
Carros.TranTime                             .00000     .00000     .00000     .00000        368    
Carros.OtherTime                            .00000     .00000     .00000     .00000        368    
Carros.TotalTime                            7.9498     (Corr)     .00000     33.267        368    
Articulos.VATime                            4.4928     .26159     1.0094     20.858        813    
Articulos.NVATime                           .00000     .00000     .00000     .00000        813    
Articulos.WaitTime                          35.256     (Corr)     .00000     334.16        813    
Articulos.TranTime                          .00000     .00000     .00000     .00000        813    
Articulos.OtherTime                         .00000     .00000     .00000     .00000        813    
Articulos.TotalTime                         39.749     (Corr)     4.5673     348.59        813    
Organizar.Queue.WaitingTime                 21.838     (Corr)     .00000     40.159        822    
Sacar Articulos.Queue.WaitingTime           1.4493     (Corr)     .00000     7.3132        835    
Desembalaje.Queue.WaitingTime               14.679     (Insuf)    .00000     31.352         69    
NoOrganizar.Queue.WaitingTime               110.88     (Insuf)    .00000     288.32         70    
Detener Carros.Queue.WaitingTime            7.9498     (Corr)     .00000     33.267        368    
TenerArticulos.Queue.WaitingTime            1.4129     .10676     .00000     6.9503        833    

                                     DISCRETE-CHANGE VARIABLES

Identifier                                  Average   Half Width  Minimum    Maximum   Final Value
___________________________________________________________________________________________________

Carros.WIP                                  1.3931     (Corr)     .00000     11.000     .00000    
Articulos.WIP                               16.013     (Corr)     .00000     33.000     23.000    
rOrganizdor.NumberBusy                      .98952     (Insuf)    .00000     1.0000     1.0000    
rOrganizdor.NumberScheduled                 1.0000     (Insuf)    1.0000     1.0000     1.0000    
rOrganizdor.Utilization                     .98952     (Insuf)    .00000     1.0000     1.0000    
rSacador.NumberBusy                         .77912     (Insuf)    .00000     1.0000     1.0000    
rSacador.NumberScheduled                    1.0000     (Insuf)    1.0000     1.0000     1.0000    
rSacador.Utilization                        .77912     (Insuf)    .00000     1.0000     1.0000    
Organizar.Queue.NumberInQueue               8.6115     (Corr)     .00000     21.000     11.000    
Sacar Articulos.Queue.NumberInQueue         .57783     (Corr)     .00000     2.0000     1.0000    
Desembalaje.Queue.NumberInQueue             .49202     (Insuf)    .00000     1.0000     1.0000    
NoOrganizar.Queue.NumberInQueue             4.0028     (Insuf)    .00000     13.000     7.0000    
Detener Carros.Queue.NumberInQueue          1.3931     (Corr)     .00000     9.0000     .00000    
TenerArticulos.Queue.NumberInQueue          .56100     .07242     .00000     3.0000     1.0000    

                                             OUTPUTS

Identifier                                   Value
_____________________________________________________________

Sacar Articulos Accum VA Time               1635.0    
Organizar Accum Wait Time                   17929.    
Organizar Number In                         833.00    
Desembalaje Number In                       70.000    
Desembalaje Number Out                      69.000    
Sacar Articulos Number In                   836.00    
Desembalaje Accum VA Time                   840.77    
Sacar Articulos Accum Wait Time             1208.0    
Organizar Number Out                        821.00    
Sacar Articulos Number Out                  834.00    
Desembalaje Accum Wait Time                 1012.8    
Organizar Accum VA Time                     1236.2    
Carros.NumberIn                             1204.0    
Carros.NumberOut                            1204.0    
Articulos.NumberIn                          836.00    
Articulos.NumberOut                         813.00    
rOrganizdor.NumberSeized                    891.00    
rOrganizdor.ScheduledUtilization            .98952    
rSacador.NumberSeized                       835.00    
rSacador.ScheduledUtilization               .77912    
System.NumberOut                            1181.0    

Beginning replication 4 of 12

                                      ARENA Simulation Results
                            nestorandres4@hotmail.com - License: STUDENT

                                  Summary for Replication 4 of 12

Project: Tener Articulso                                             Run execution date : 5/21/2025
Analyst: nestorandres4@hotmail.com                                   Model revision date: 5/21/2025

Replication ended at time      : 2100.0 Minutes 
Base Time Units: Minutes

                                           TALLY VARIABLES

Identifier                                  Average   Half Width  Minimum    Maximum   Observations
___________________________________________________________________________________________________

Sacar Articulos.VATimePerEntity             2.0038     .06793     .00000     3.9610        835    
Sacar Articulos.WaitTimePerEntity           1.4764     .12137     .00000     7.2038        835    
Desembalaje.VATimePerEntity                 12.112     (Insuf)    8.2275     15.983         65    
Organizar.VATimePerEntity                   1.4902     .01761     1.0003     1.9998        827    
Desembalaje.TotalTimePerEntity              27.607     (Insuf)    12.056     46.089         65    
Organizar.TotalTimePerEntity                23.448     (Corr)     1.0225     45.704        827    
Sacar Articulos.TotalTimePerEntity          3.4803     .17518     .00000     9.7781        835    
Desembalaje.WaitTimePerEntity               15.494     (Insuf)    2.3669     33.183         65    
Organizar.WaitTimePerEntity                 21.958     (Corr)     .00000     44.031        827    
Carros.VATime                               .00000     .00000     .00000     .00000        361    
Carros.NVATime                              .00000     .00000     .00000     .00000        361    
Carros.WaitTime                             7.3219     2.6342     .00000     40.123        361    
Carros.TranTime                             .00000     .00000     .00000     .00000        361    
Carros.OtherTime                            .00000     .00000     .00000     .00000        361    
Carros.TotalTime                            7.3219     2.6342     .00000     40.123        361    
Articulos.VATime                            4.4507     .20963     1.0048     21.182        823    
Articulos.NVATime                           .00000     .00000     .00000     .00000        823    
Articulos.WaitTime                          32.700     (Corr)     .00000     233.09        823    
Articulos.TranTime                          .00000     .00000     .00000     .00000        823    
Articulos.OtherTime                         .00000     .00000     .00000     .00000        823    
Articulos.TotalTime                         37.151     (Corr)     1.7036     253.33        823    
Organizar.Queue.WaitingTime                 21.958     (Corr)     .00000     44.031        827    
Sacar Articulos.Queue.WaitingTime           1.4764     .12137     .00000     7.2038        835    
Desembalaje.Queue.WaitingTime               15.676     (Insuf)    2.3669     33.183         66    
NoOrganizar.Queue.WaitingTime               83.209     (Insuf)    .00000     193.68         66    
Detener Carros.Queue.WaitingTime            7.3219     2.6342     .00000     40.123        361    
TenerArticulos.Queue.WaitingTime            1.4771     .11398     .00000     6.6661        835    

                                     DISCRETE-CHANGE VARIABLES

Identifier                                  Average   Half Width  Minimum    Maximum   Final Value
___________________________________________________________________________________________________

Carros.WIP                                  1.2586     (Corr)     .00000     10.000     .00000    
Articulos.WIP                               14.796     (Corr)     .00000     30.000     12.000    
rOrganizdor.NumberBusy                      .96274     (Insuf)    .00000     1.0000     1.0000    
rOrganizdor.NumberScheduled                 1.0000     (Insuf)    1.0000     1.0000     1.0000    
rOrganizdor.Utilization                     .96274     (Insuf)    .00000     1.0000     1.0000    
rSacador.NumberBusy                         .79677     (Insuf)    .00000     1.0000     .00000    
rSacador.NumberScheduled                    1.0000     (Insuf)    1.0000     1.0000     1.0000    
rSacador.Utilization                        .79677     (Insuf)    .00000     1.0000     .00000    
Organizar.Queue.NumberInQueue               8.6997     (Corr)     .00000     23.000     8.0000    
Sacar Articulos.Queue.NumberInQueue         .58707     (Corr)     .00000     2.0000     .00000    
Desembalaje.Queue.NumberInQueue             .49270     (Insuf)    .00000     1.0000     .00000    
NoOrganizar.Queue.NumberInQueue             2.6701     (Insuf)    .00000     8.0000     3.0000    
Detener Carros.Queue.NumberInQueue          1.2586     (Corr)     .00000     7.0000     .00000    
TenerArticulos.Queue.NumberInQueue          .58732     (Corr)     .00000     3.0000     .00000    

                                             OUTPUTS

Identifier                                   Value
_____________________________________________________________

Sacar Articulos Accum VA Time               1673.2    
Organizar Accum Wait Time                   18159.    
Organizar Number In                         835.00    
Desembalaje Number In                       66.000    
Desembalaje Number Out                      65.000    
Sacar Articulos Number In                   835.00    
Desembalaje Accum VA Time                   787.34    
Sacar Articulos Accum Wait Time             1232.8    
Organizar Number Out                        827.00    
Sacar Articulos Number Out                  835.00    
Desembalaje Accum Wait Time                 1007.1    
Organizar Accum VA Time                     1232.4    
Carros.NumberIn                             1196.0    
Carros.NumberOut                            1196.0    
Articulos.NumberIn                          835.00    
Articulos.NumberOut                         823.00    
rOrganizdor.NumberSeized                    893.00    
rOrganizdor.ScheduledUtilization            .96274    
rSacador.NumberSeized                       835.00    
rSacador.ScheduledUtilization               .79677    
System.NumberOut                            1184.0    

Beginning replication 5 of 12

                                      ARENA Simulation Results
                            nestorandres4@hotmail.com - License: STUDENT

                                  Summary for Replication 5 of 12

Project: Tener Articulso                                             Run execution date : 5/21/2025
Analyst: nestorandres4@hotmail.com                                   Model revision date: 5/21/2025

Replication ended at time      : 2100.0 Minutes 
Base Time Units: Minutes

                                           TALLY VARIABLES

Identifier                                  Average   Half Width  Minimum    Maximum   Observations
___________________________________________________________________________________________________

Sacar Articulos.VATimePerEntity             1.9706     (Corr)     .00000     3.8840        756    
Sacar Articulos.WaitTimePerEntity           1.4167     .08202     .00000     6.5928        756    
Desembalaje.VATimePerEntity                 11.759     (Insuf)    8.2496     15.829         62    
Organizar.VATimePerEntity                   1.4747     .02464     1.0001     1.9996        750    
Desembalaje.TotalTimePerEntity              20.573     (Insuf)    9.4723     38.850         62    
Organizar.TotalTimePerEntity                14.333     (Corr)     1.0058     38.381        750    
Sacar Articulos.TotalTimePerEntity          3.3873     .12506     .00000     10.158        756    
Desembalaje.WaitTimePerEntity               8.8139     (Insuf)    .00000     24.837         62    
Organizar.WaitTimePerEntity                 12.858     (Corr)     .00000     37.245        750    
Carros.VATime                               .00000     .00000     .00000     .00000        331    
Carros.NVATime                              .00000     .00000     .00000     .00000        331    
Carros.WaitTime                             5.6735     2.0679     .00000     31.109        331    
Carros.TranTime                             .00000     .00000     .00000     .00000        331    
Carros.OtherTime                            .00000     .00000     .00000     .00000        331    
Carros.TotalTime                            5.6735     2.0679     .00000     31.109        331    
Articulos.VATime                            4.4199     .19722     1.0001     19.748        749    
Articulos.NVATime                           .00000     .00000     .00000     .00000        749    
Articulos.WaitTime                          17.449     (Corr)     .00000     106.77        749    
Articulos.TranTime                          .00000     .00000     .00000     .00000        749    
Articulos.OtherTime                         .00000     .00000     .00000     .00000        749    
Articulos.TotalTime                         21.869     (Corr)     4.0134     123.89        749    
Organizar.Queue.WaitingTime                 12.856     (Corr)     .00000     37.245        751    
Sacar Articulos.Queue.WaitingTime           1.4167     .08202     .00000     6.5928        756    
Desembalaje.Queue.WaitingTime               8.8139     (Insuf)    .00000     24.837         62    
NoOrganizar.Queue.WaitingTime               12.070     (Insuf)    .00000     63.855         63    
Detener Carros.Queue.WaitingTime            5.6735     2.0679     .00000     31.109        331    
TenerArticulos.Queue.WaitingTime            1.4325     .10100     .00000     6.5249        756    

                                     DISCRETE-CHANGE VARIABLES

Identifier                                  Average   Half Width  Minimum    Maximum   Final Value
___________________________________________________________________________________________________

Carros.WIP                                  .89426     .32738     .00000     10.000     .00000    
Articulos.WIP                               7.8453     (Corr)     .00000     21.000     7.0000    
rOrganizdor.NumberBusy                      .87409     (Insuf)    .00000     1.0000     1.0000    
rOrganizdor.NumberScheduled                 1.0000     (Insuf)    1.0000     1.0000     1.0000    
rOrganizdor.Utilization                     .87409     (Insuf)    .00000     1.0000     1.0000    
rSacador.NumberBusy                         .70943     (Insuf)    .00000     1.0000     .00000    
rSacador.NumberScheduled                    1.0000     (Insuf)    1.0000     1.0000     1.0000    
rSacador.Utilization                        .70943     (Insuf)    .00000     1.0000     .00000    
Organizar.Queue.NumberInQueue               4.6102     (Corr)     .00000     17.000     5.0000    
Sacar Articulos.Queue.NumberInQueue         .51002     .06134     .00000     2.0000     .00000    
Desembalaje.Queue.NumberInQueue             .26379     (Insuf)    .00000     1.0000     1.0000    
NoOrganizar.Queue.NumberInQueue             .36210     (Insuf)    .00000     2.0000     .00000    
Detener Carros.Queue.NumberInQueue          .89426     .32738     .00000     7.0000     .00000    
TenerArticulos.Queue.NumberInQueue          .51570     .06127     .00000     3.0000     .00000    

                                             OUTPUTS

Identifier                                   Value
_____________________________________________________________

Sacar Articulos Accum VA Time               1489.7    
Organizar Accum Wait Time                   9643.8    
Organizar Number In                         756.00    
Desembalaje Number In                       63.000    
Desembalaje Number Out                      62.000    
Sacar Articulos Number In                   756.00    
Desembalaje Accum VA Time                   729.07    
Sacar Articulos Accum Wait Time             1071.0    
Organizar Number Out                        750.00    
Sacar Articulos Number Out                  756.00    
Desembalaje Accum Wait Time                 546.46    
Organizar Accum VA Time                     1106.0    
Carros.NumberIn                             1087.0    
Carros.NumberOut                            1087.0    
Articulos.NumberIn                          756.00    
Articulos.NumberOut                         749.00    
rOrganizdor.NumberSeized                    813.00    
rOrganizdor.ScheduledUtilization            .87409    
rSacador.NumberSeized                       756.00    
rSacador.ScheduledUtilization               .70943    
System.NumberOut                            1080.0    

Beginning replication 6 of 12

                                      ARENA Simulation Results
                            nestorandres4@hotmail.com - License: STUDENT

                                  Summary for Replication 6 of 12

Project: Tener Articulso                                             Run execution date : 5/21/2025
Analyst: nestorandres4@hotmail.com                                   Model revision date: 5/21/2025

Replication ended at time      : 2100.0 Minutes 
Base Time Units: Minutes

                                           TALLY VARIABLES

Identifier                                  Average   Half Width  Minimum    Maximum   Observations
___________________________________________________________________________________________________

Sacar Articulos.VATimePerEntity             2.0464     .07704     .00000     3.8282        798    
Sacar Articulos.WaitTimePerEntity           1.5269     .09207     .00000     7.3261        798    
Desembalaje.VATimePerEntity                 11.700     (Insuf)    8.1373     15.701         69    
Organizar.VATimePerEntity                   1.4935     .02311     1.0033     1.9988        790    
Desembalaje.TotalTimePerEntity              23.446     (Insuf)    8.7719     39.212         69    
Organizar.TotalTimePerEntity                18.706     (Corr)     1.0335     39.663        790    
Sacar Articulos.TotalTimePerEntity          3.5733     .13777     .00000     9.7265        798    
Desembalaje.WaitTimePerEntity               11.745     (Insuf)    .00000     26.959         69    
Organizar.WaitTimePerEntity                 17.212     (Corr)     .00000     37.757        790    
Carros.VATime                               .00000     .00000     .00000     .00000        351    
Carros.NVATime                              .00000     .00000     .00000     .00000        351    
Carros.WaitTime                             11.382     (Corr)     .00000     39.688        351    
Carros.TranTime                             .00000     .00000     .00000     .00000        351    
Carros.OtherTime                            .00000     .00000     .00000     .00000        351    
Carros.TotalTime                            11.382     (Corr)     .00000     39.688        351    
Articulos.VATime                            4.5639     .21933     1.0068     20.146        788    
Articulos.NVATime                           .00000     .00000     .00000     .00000        788    
Articulos.WaitTime                          25.689     (Corr)     .10343     265.32        788    
Articulos.TranTime                          .00000     .00000     .00000     .00000        788    
Articulos.OtherTime                         .00000     .00000     .00000     .00000        788    
Articulos.TotalTime                         30.253     (Corr)     3.5554     278.93        788    
Organizar.Queue.WaitingTime                 17.212     (Corr)     .00000     37.757        790    
Sacar Articulos.Queue.WaitingTime           1.5250     .09207     .00000     7.3261        799    
Desembalaje.Queue.WaitingTime               11.643     (Insuf)    .00000     26.959         70    
NoOrganizar.Queue.WaitingTime               49.968     (Insuf)    .00000     221.24         70    
Detener Carros.Queue.WaitingTime            11.382     (Corr)     .00000     39.688        351    
TenerArticulos.Queue.WaitingTime            1.5228     .09244     .00000     6.9293        798    

                                     DISCRETE-CHANGE VARIABLES

Identifier                                  Average   Half Width  Minimum    Maximum   Final Value
___________________________________________________________________________________________________

Carros.WIP                                  1.9028     (Corr)     .00000     13.000     2.0000    
Articulos.WIP                               11.464     (Corr)     .00000     27.000     13.000    
rOrganizdor.NumberBusy                      .95119     (Insuf)    .00000     1.0000     1.0000    
rOrganizdor.NumberScheduled                 1.0000     (Insuf)    1.0000     1.0000     1.0000    
rOrganizdor.Utilization                     .95119     (Insuf)    .00000     1.0000     1.0000    
rSacador.NumberBusy                         .77795     (Insuf)    .00000     1.0000     1.0000    
rSacador.NumberScheduled                    1.0000     (Insuf)    1.0000     1.0000     1.0000    
rSacador.Utilization                        .77795     (Insuf)    .00000     1.0000     1.0000    
Organizar.Queue.NumberInQueue               6.5080     (Corr)     .00000     18.000     8.0000    
Sacar Articulos.Queue.NumberInQueue         .58088     .06390     .00000     2.0000     2.0000    
Desembalaje.Queue.NumberInQueue             .38811     (Insuf)    .00000     1.0000     .00000    
NoOrganizar.Queue.NumberInQueue             1.6795     (Insuf)    .00000     7.0000     1.0000    
Detener Carros.Queue.NumberInQueue          1.9028     (Corr)     .00000     10.000     2.0000    
TenerArticulos.Queue.NumberInQueue          .57867     .06688     .00000     3.0000     .00000    

                                             OUTPUTS

Identifier                                   Value
_____________________________________________________________

Sacar Articulos Accum VA Time               1633.0    
Organizar Accum Wait Time                   13597.    
Organizar Number In                         798.00    
Desembalaje Number In                       70.000    
Desembalaje Number Out                      69.000    
Sacar Articulos Number In                   801.00    
Desembalaje Accum VA Time                   807.34    
Sacar Articulos Accum Wait Time             1218.5    
Organizar Number Out                        790.00    
Sacar Articulos Number Out                  798.00    
Desembalaje Accum Wait Time                 810.45    
Organizar Accum VA Time                     1179.9    
Carros.NumberIn                             1154.0    
Carros.NumberOut                            1152.0    
Articulos.NumberIn                          801.00    
Articulos.NumberOut                         788.00    
rOrganizdor.NumberSeized                    860.00    
rOrganizdor.ScheduledUtilization            .95119    
rSacador.NumberSeized                       799.00    
rSacador.ScheduledUtilization               .77795    
System.NumberOut                            1139.0    

Beginning replication 7 of 12

                                      ARENA Simulation Results
                            nestorandres4@hotmail.com - License: STUDENT

                                  Summary for Replication 7 of 12

Project: Tener Articulso                                             Run execution date : 5/21/2025
Analyst: nestorandres4@hotmail.com                                   Model revision date: 5/21/2025

Replication ended at time      : 2100.0 Minutes 
Base Time Units: Minutes

                                           TALLY VARIABLES

Identifier                                  Average   Half Width  Minimum    Maximum   Observations
___________________________________________________________________________________________________

Sacar Articulos.VATimePerEntity             1.9808     .06822     .00000     3.8263        744    
Sacar Articulos.WaitTimePerEntity           1.4307     .08737     .00000     7.5129        744    
Desembalaje.VATimePerEntity                 11.902     (Insuf)    8.0468     15.624         68    
Organizar.VATimePerEntity                   1.5059     .02106     1.0037     1.9993        735    
Desembalaje.TotalTimePerEntity              21.675     (Insuf)    8.0759     38.105         68    
Organizar.TotalTimePerEntity                16.004     (Corr)     1.0233     40.967        735    
Sacar Articulos.TotalTimePerEntity          3.4116     .13546     .00000     10.088        744    
Desembalaje.WaitTimePerEntity               9.7732     (Insuf)    .00000     29.906         68    
Organizar.WaitTimePerEntity                 14.498     (Corr)     .00000     39.624        735    
Carros.VATime                               .00000     .00000     .00000     .00000        325    
Carros.NVATime                              .00000     .00000     .00000     .00000        325    
Carros.WaitTime                             5.5756     2.1222     .00000     31.306        325    
Carros.TranTime                             .00000     .00000     .00000     .00000        325    
Carros.OtherTime                            .00000     .00000     .00000     .00000        325    
Carros.TotalTime                            5.5756     2.1222     .00000     31.306        325    
Articulos.VATime                            4.5858     .26868     1.0043     19.567        734    
Articulos.NVATime                           .00000     .00000     .00000     .00000        734    
Articulos.WaitTime                          22.513     (Corr)     .00000     210.36        734    
Articulos.TranTime                          .00000     .00000     .00000     .00000        734    
Articulos.OtherTime                         .00000     .00000     .00000     .00000        734    
Articulos.TotalTime                         27.099     (Corr)     1.3115     227.67        734    
Organizar.Queue.WaitingTime                 14.498     (Corr)     .00000     39.624        735    
Sacar Articulos.Queue.WaitingTime           1.4288     .08737     .00000     7.5129        745    
Desembalaje.Queue.WaitingTime               9.8483     (Insuf)    .00000     29.906         69    
NoOrganizar.Queue.WaitingTime               44.831     (Insuf)    .00000     164.55         69    
Detener Carros.Queue.WaitingTime            5.5756     2.1222     .00000     31.306        325    
TenerArticulos.Queue.WaitingTime            1.4822     .10713     .00000     6.4939        744    

                                     DISCRETE-CHANGE VARIABLES

Identifier                                  Average   Half Width  Minimum    Maximum   Final Value
___________________________________________________________________________________________________

Carros.WIP                                  .86459     .32678     .00000     9.0000     1.0000    
Articulos.WIP                               9.5582     (Corr)     .00000     30.000     13.000    
rOrganizdor.NumberBusy                      .91448     (Insuf)    .00000     1.0000     1.0000    
rOrganizdor.NumberScheduled                 1.0000     (Insuf)    1.0000     1.0000     1.0000    
rOrganizdor.Utilization                     .91448     (Insuf)    .00000     1.0000     1.0000    
rSacador.NumberBusy                         .70282     (Insuf)    .00000     1.0000     1.0000    
rSacador.NumberScheduled                    1.0000     (Insuf)    1.0000     1.0000     1.0000    
rSacador.Utilization                        .70282     (Insuf)    .00000     1.0000     1.0000    
Organizar.Queue.NumberInQueue               5.1102     (Corr)     .00000     21.000     9.0000    
Sacar Articulos.Queue.NumberInQueue         .50893     .06170     .00000     2.0000     2.0000    
Desembalaje.Queue.NumberInQueue             .32359     (Insuf)    .00000     1.0000     .00000    
NoOrganizar.Queue.NumberInQueue             1.4730     (Insuf)    .00000     7.0000     .00000    
Detener Carros.Queue.NumberInQueue          .86459     .32678     .00000     6.0000     1.0000    
TenerArticulos.Queue.NumberInQueue          .52514     .06662     .00000     3.0000     .00000    

                                             OUTPUTS

Identifier                                   Value
_____________________________________________________________

Sacar Articulos Accum VA Time               1473.7    
Organizar Accum Wait Time                   10656.    
Organizar Number In                         744.00    
Desembalaje Number In                       69.000    
Desembalaje Number Out                      68.000    
Sacar Articulos Number In                   747.00    
Desembalaje Accum VA Time                   809.33    
Sacar Articulos Accum Wait Time             1064.4    
Organizar Number Out                        735.00    
Sacar Articulos Number Out                  744.00    
Desembalaje Accum Wait Time                 664.58    
Organizar Accum VA Time                     1106.8    
Carros.NumberIn                             1073.0    
Carros.NumberOut                            1072.0    
Articulos.NumberIn                          747.00    
Articulos.NumberOut                         734.00    
rOrganizdor.NumberSeized                    804.00    
rOrganizdor.ScheduledUtilization            .91448    
rSacador.NumberSeized                       745.00    
rSacador.ScheduledUtilization               .70282    
System.NumberOut                            1059.0    

Beginning replication 8 of 12

                                      ARENA Simulation Results
                            nestorandres4@hotmail.com - License: STUDENT

                                  Summary for Replication 8 of 12

Project: Tener Articulso                                             Run execution date : 5/21/2025
Analyst: nestorandres4@hotmail.com                                   Model revision date: 5/21/2025

Replication ended at time      : 2100.0 Minutes 
Base Time Units: Minutes

                                           TALLY VARIABLES

Identifier                                  Average   Half Width  Minimum    Maximum   Observations
___________________________________________________________________________________________________

Sacar Articulos.VATimePerEntity             1.9807     .08520     .00000     3.9616        813    
Sacar Articulos.WaitTimePerEntity           1.4453     .09382     .00000     6.7823        813    
Desembalaje.VATimePerEntity                 12.717     (Insuf)    8.2932     15.873         58    
Organizar.VATimePerEntity                   1.5115     .01942     1.0009     1.9977        791    
Desembalaje.TotalTimePerEntity              26.297     (Insuf)    8.9203     51.785         58    
Organizar.TotalTimePerEntity                21.748     (Corr)     1.0130     53.875        791    
Sacar Articulos.TotalTimePerEntity          3.4260     .15321     .00000     9.9614        813    
Desembalaje.WaitTimePerEntity               13.579     (Insuf)    .00000     37.117         58    
Organizar.WaitTimePerEntity                 20.236     (Corr)     .00000     52.173        791    
Carros.VATime                               .00000     .00000     .00000     .00000        353    
Carros.NVATime                              .00000     .00000     .00000     .00000        353    
Carros.WaitTime                             19.688     (Corr)     .00000     73.330        353    
Carros.TranTime                             .00000     .00000     .00000     .00000        353    
Carros.OtherTime                            .00000     .00000     .00000     .00000        353    
Carros.TotalTime                            19.688     (Corr)     .00000     73.330        353    
Articulos.VATime                            4.4386     .27889     1.0009     20.904        784    
Articulos.NVATime                           .00000     .00000     .00000     .00000        784    
Articulos.WaitTime                          28.735     (Corr)     .00000     254.84        784    
Articulos.TranTime                          .00000     .00000     .00000     .00000        784    
Articulos.OtherTime                         .00000     .00000     .00000     .00000        784    
Articulos.TotalTime                         33.173     (Corr)     1.3051     273.87        784    
Organizar.Queue.WaitingTime                 20.236     (Corr)     .00000     52.173        791    
Sacar Articulos.Queue.WaitingTime           1.4453     .09382     .00000     6.7823        813    
Desembalaje.Queue.WaitingTime               13.901     (Insuf)    .00000     37.117         59    
NoOrganizar.Queue.WaitingTime               63.713     (Insuf)    .00000     226.47         59    
Detener Carros.Queue.WaitingTime            19.688     (Corr)     .00000     73.330        353    
TenerArticulos.Queue.WaitingTime            1.4398     .10494     .00000     6.8954        813    

                                     DISCRETE-CHANGE VARIABLES

Identifier                                  Average   Half Width  Minimum    Maximum   Final Value
___________________________________________________________________________________________________

Carros.WIP                                  3.3096     (Corr)     .00000     18.000     .00000    
Articulos.WIP                               13.029     (Corr)     .00000     33.000     29.000    
rOrganizdor.NumberBusy                      .92217     (Insuf)    .00000     1.0000     1.0000    
rOrganizdor.NumberScheduled                 1.0000     (Insuf)    1.0000     1.0000     1.0000    
rOrganizdor.Utilization                     .92217     (Insuf)    .00000     1.0000     1.0000    
rSacador.NumberBusy                         .76682     (Insuf)    .00000     1.0000     .00000    
rSacador.NumberScheduled                    1.0000     (Insuf)    1.0000     1.0000     1.0000    
rSacador.Utilization                        .76682     (Insuf)    .00000     1.0000     .00000    
Organizar.Queue.NumberInQueue               7.7721     (Corr)     .00000     24.000     22.000    
Sacar Articulos.Queue.NumberInQueue         .55954     (Corr)     .00000     2.0000     .00000    
Desembalaje.Queue.NumberInQueue             .39055     (Insuf)    .00000     1.0000     .00000    
NoOrganizar.Queue.NumberInQueue             2.0609     (Insuf)    .00000     11.000     6.0000    
Detener Carros.Queue.NumberInQueue          3.3096     (Corr)     .00000     16.000     .00000    
TenerArticulos.Queue.NumberInQueue          .55743     (Corr)     .00000     3.0000     .00000    

                                             OUTPUTS

Identifier                                   Value
_____________________________________________________________

Sacar Articulos Accum VA Time               1610.3    
Organizar Accum Wait Time                   16007.    
Organizar Number In                         813.00    
Desembalaje Number In                       59.000    
Desembalaje Number Out                      58.000    
Sacar Articulos Number In                   813.00    
Desembalaje Accum VA Time                   737.60    
Sacar Articulos Accum Wait Time             1175.0    
Organizar Number Out                        791.00    
Sacar Articulos Number Out                  813.00    
Desembalaje Accum Wait Time                 787.62    
Organizar Accum VA Time                     1195.6    
Carros.NumberIn                             1166.0    
Carros.NumberOut                            1166.0    
Articulos.NumberIn                          813.00    
Articulos.NumberOut                         784.00    
rOrganizdor.NumberSeized                    850.00    
rOrganizdor.ScheduledUtilization            .92217    
rSacador.NumberSeized                       813.00    
rSacador.ScheduledUtilization               .76682    
System.NumberOut                            1137.0    

Beginning replication 9 of 12

                                      ARENA Simulation Results
                            nestorandres4@hotmail.com - License: STUDENT

                                  Summary for Replication 9 of 12

Project: Tener Articulso                                             Run execution date : 5/21/2025
Analyst: nestorandres4@hotmail.com                                   Model revision date: 5/21/2025

Replication ended at time      : 2100.0 Minutes 
Base Time Units: Minutes

                                           TALLY VARIABLES

Identifier                                  Average   Half Width  Minimum    Maximum   Observations
___________________________________________________________________________________________________

Sacar Articulos.VATimePerEntity             1.9499     .05623     .00000     3.9744        793    
Sacar Articulos.WaitTimePerEntity           1.4216     .08925     .00000     6.3848        793    
Desembalaje.VATimePerEntity                 12.038     (Insuf)    8.0309     15.892         69    
Organizar.VATimePerEntity                   1.5019     .01866     1.0039     1.9974        783    
Desembalaje.TotalTimePerEntity              26.458     (Insuf)    10.640     50.587         69    
Organizar.TotalTimePerEntity                24.121     (Corr)     1.0310     50.605        783    
Sacar Articulos.TotalTimePerEntity          3.3715     .13286     .00000     9.3282        793    
Desembalaje.WaitTimePerEntity               14.419     (Insuf)    .00000     37.807         69    
Organizar.WaitTimePerEntity                 22.619     (Corr)     .00000     49.129        783    
Carros.VATime                               .00000     .00000     .00000     .00000        351    
Carros.NVATime                              .00000     .00000     .00000     .00000        351    
Carros.WaitTime                             7.8991     3.1548     .00000     35.226        351    
Carros.TranTime                             .00000     .00000     .00000     .00000        351    
Carros.OtherTime                            .00000     .00000     .00000     .00000        351    
Carros.TotalTime                            7.8991     3.1548     .00000     35.226        351    
Articulos.VATime                            4.5054     .19418     1.0042     20.611        783    
Articulos.NVATime                           .00000     .00000     .00000     .00000        783    
Articulos.WaitTime                          31.407     (Corr)     1.1167     180.08        783    
Articulos.TranTime                          .00000     .00000     .00000     .00000        783    
Articulos.OtherTime                         .00000     .00000     .00000     .00000        783    
Articulos.TotalTime                         35.912     (Corr)     4.2491     192.78        783    
Organizar.Queue.WaitingTime                 22.621     (Corr)     .00000     49.129        784    
Sacar Articulos.Queue.WaitingTime           1.4198     .08925     .00000     6.3848        794    
Desembalaje.Queue.WaitingTime               14.419     (Insuf)    .00000     37.807         69    
NoOrganizar.Queue.WaitingTime               52.708     (Insuf)    .00000     136.79         69    
Detener Carros.Queue.WaitingTime            7.8991     3.1548     .00000     35.226        351    
TenerArticulos.Queue.WaitingTime            1.4533     .10724     .00000     6.6687        793    

                                     DISCRETE-CHANGE VARIABLES

Identifier                                  Average   Half Width  Minimum    Maximum   Final Value
___________________________________________________________________________________________________

Carros.WIP                                  1.3232     .57717     .00000     10.000     2.0000    
Articulos.WIP                               13.467     (Corr)     .00000     32.000     12.000    
rOrganizdor.NumberBusy                      .95577     (Insuf)    .00000     1.0000     1.0000    
rOrganizdor.NumberScheduled                 1.0000     (Insuf)    1.0000     1.0000     1.0000    
rOrganizdor.Utilization                     .95577     (Insuf)    .00000     1.0000     1.0000    
rSacador.NumberBusy                         .73659     (Insuf)    .00000     1.0000     1.0000    
rSacador.NumberScheduled                    1.0000     (Insuf)    1.0000     1.0000     1.0000    
rSacador.Utilization                        .73659     (Insuf)    .00000     1.0000     1.0000    
Organizar.Queue.NumberInQueue               8.4835     (Corr)     .00000     24.000     9.0000    
Sacar Articulos.Queue.NumberInQueue         .53706     .05270     .00000     2.0000     1.0000    
Desembalaje.Queue.NumberInQueue             .47378     (Insuf)    .00000     1.0000     .00000    
NoOrganizar.Queue.NumberInQueue             1.7318     (Insuf)    .00000     4.0000     .00000    
Detener Carros.Queue.NumberInQueue          1.3232     .57717     .00000     8.0000     2.0000    
TenerArticulos.Queue.NumberInQueue          .54883     .06288     .00000     3.0000     .00000    

                                             OUTPUTS

Identifier                                   Value
_____________________________________________________________

Sacar Articulos Accum VA Time               1546.3    
Organizar Accum Wait Time                   17711.    
Organizar Number In                         793.00    
Desembalaje Number In                       69.000    
Desembalaje Number Out                      69.000    
Sacar Articulos Number In                   795.00    
Desembalaje Accum VA Time                   830.69    
Sacar Articulos Accum Wait Time             1127.3    
Organizar Number Out                        783.00    
Sacar Articulos Number Out                  793.00    
Desembalaje Accum Wait Time                 994.93    
Organizar Accum VA Time                     1176.0    
Carros.NumberIn                             1148.0    
Carros.NumberOut                            1146.0    
Articulos.NumberIn                          795.00    
Articulos.NumberOut                         783.00    
rOrganizdor.NumberSeized                    853.00    
rOrganizdor.ScheduledUtilization            .95577    
rSacador.NumberSeized                       794.00    
rSacador.ScheduledUtilization               .73659    
System.NumberOut                            1134.0    

Beginning replication 10 of 12

                                      ARENA Simulation Results
                            nestorandres4@hotmail.com - License: STUDENT

                                  Summary for Replication 10 of 12

Project: Tener Articulso                                             Run execution date : 5/21/2025
Analyst: nestorandres4@hotmail.com                                   Model revision date: 5/21/2025

Replication ended at time      : 2100.0 Minutes 
Base Time Units: Minutes

                                           TALLY VARIABLES

Identifier                                  Average   Half Width  Minimum    Maximum   Observations
___________________________________________________________________________________________________

Sacar Articulos.VATimePerEntity             2.0102     (Corr)     .00000     3.9625        793    
Sacar Articulos.WaitTimePerEntity           1.4634     .09283     .00000     6.9389        793    
Desembalaje.VATimePerEntity                 11.952     (Insuf)    8.1841     15.801         69    
Organizar.VATimePerEntity                   1.5129     (Corr)     1.0003     1.9999        784    
Desembalaje.TotalTimePerEntity              24.566     (Insuf)    10.765     38.890         69    
Organizar.TotalTimePerEntity                20.266     (Corr)     1.1043     42.603        784    
Sacar Articulos.TotalTimePerEntity          3.4737     (Corr)     .00000     9.9865        793    
Desembalaje.WaitTimePerEntity               12.613     (Insuf)    .00000     24.968         69    
Organizar.WaitTimePerEntity                 18.753     (Corr)     .00000     40.907        784    
Carros.VATime                               .00000     .00000     .00000     .00000        346    
Carros.NVATime                              .00000     .00000     .00000     .00000        346    
Carros.WaitTime                             5.7411     2.0657     .00000     34.111        346    
Carros.TranTime                             .00000     .00000     .00000     .00000        346    
Carros.OtherTime                            .00000     .00000     .00000     .00000        346    
Carros.TotalTime                            5.7411     2.0657     .00000     34.111        346    
Articulos.VATime                            4.5791     .18379     1.0144     20.667        782    
Articulos.NVATime                           .00000     .00000     .00000     .00000        782    
Articulos.WaitTime                          27.947     (Corr)     .00000     207.64        782    
Articulos.TranTime                          .00000     .00000     .00000     .00000        782    
Articulos.OtherTime                         .00000     .00000     .00000     .00000        782    
Articulos.TotalTime                         32.526     (Corr)     2.5440     220.63        782    
Organizar.Queue.WaitingTime                 18.755     (Corr)     .00000     40.907        785    
Sacar Articulos.Queue.WaitingTime           1.4634     .09283     .00000     6.9389        793    
Desembalaje.Queue.WaitingTime               12.613     (Insuf)    .00000     24.968         69    
NoOrganizar.Queue.WaitingTime               58.088     (Insuf)    .00000     163.37         70    
Detener Carros.Queue.WaitingTime            5.7411     2.0657     .00000     34.111        346    
TenerArticulos.Queue.WaitingTime            1.4751     .12673     .00000     6.9237        793    

                                     DISCRETE-CHANGE VARIABLES

Identifier                                  Average   Half Width  Minimum    Maximum   Final Value
___________________________________________________________________________________________________

Carros.WIP                                  .94593     .36002     .00000     9.0000     .00000    
Articulos.WIP                               12.242     (Corr)     .00000     27.000     11.000    
rOrganizdor.NumberBusy                      .95779     (Insuf)    .00000     1.0000     1.0000    
rOrganizdor.NumberScheduled                 1.0000     (Insuf)    1.0000     1.0000     1.0000    
rOrganizdor.Utilization                     .95779     (Insuf)    .00000     1.0000     1.0000    
rSacador.NumberBusy                         .75911     (Insuf)    .00000     1.0000     .00000    
rSacador.NumberScheduled                    1.0000     (Insuf)    1.0000     1.0000     1.0000    
rSacador.Utilization                        .75911     (Insuf)    .00000     1.0000     .00000    
Organizar.Queue.NumberInQueue               7.0563     (Corr)     .00000     19.000     8.0000    
Sacar Articulos.Queue.NumberInQueue         .55263     .05413     .00000     2.0000     .00000    
Desembalaje.Queue.NumberInQueue             .42181     (Insuf)    .00000     1.0000     1.0000    
NoOrganizar.Queue.NumberInQueue             1.9381     (Insuf)    .00000     7.0000     1.0000    
Detener Carros.Queue.NumberInQueue          .94593     .36002     .00000     7.0000     .00000    
TenerArticulos.Queue.NumberInQueue          .55706     .06518     .00000     3.0000     .00000    

                                             OUTPUTS

Identifier                                   Value
_____________________________________________________________

Sacar Articulos Accum VA Time               1594.1    
Organizar Accum Wait Time                   14702.    
Organizar Number In                         793.00    
Desembalaje Number In                       70.000    
Desembalaje Number Out                      69.000    
Sacar Articulos Number In                   793.00    
Desembalaje Accum VA Time                   824.72    
Sacar Articulos Accum Wait Time             1160.5    
Organizar Number Out                        784.00    
Sacar Articulos Number Out                  793.00    
Desembalaje Accum Wait Time                 870.33    
Organizar Accum VA Time                     1186.1    
Carros.NumberIn                             1139.0    
Carros.NumberOut                            1139.0    
Articulos.NumberIn                          793.00    
Articulos.NumberOut                         782.00    
rOrganizdor.NumberSeized                    854.00    
rOrganizdor.ScheduledUtilization            .95779    
rSacador.NumberSeized                       793.00    
rSacador.ScheduledUtilization               .75911    
System.NumberOut                            1128.0    

Beginning replication 11 of 12

                                      ARENA Simulation Results
                            nestorandres4@hotmail.com - License: STUDENT

                                  Summary for Replication 11 of 12

Project: Tener Articulso                                             Run execution date : 5/21/2025
Analyst: nestorandres4@hotmail.com                                   Model revision date: 5/21/2025

Replication ended at time      : 2100.0 Minutes 
Base Time Units: Minutes

                                           TALLY VARIABLES

Identifier                                  Average   Half Width  Minimum    Maximum   Observations
___________________________________________________________________________________________________

Sacar Articulos.VATimePerEntity             1.9957     .09502     .00000     3.9040        801    
Sacar Articulos.WaitTimePerEntity           1.3993     .10674     .00000     7.0906        801    
Desembalaje.VATimePerEntity                 12.785     (Insuf)    8.0981     15.996         59    
Organizar.VATimePerEntity                   1.5185     .02193     1.0004     1.9972        797    
Desembalaje.TotalTimePerEntity              25.016     (Insuf)    8.6510     45.852         59    
Organizar.TotalTimePerEntity                19.700     3.8096     1.0232     43.736        797    
Sacar Articulos.TotalTimePerEntity          3.3950     .17603     .00000     9.4366        801    
Desembalaje.WaitTimePerEntity               12.231     (Insuf)    .00000     30.027         59    
Organizar.WaitTimePerEntity                 18.181     3.8018     .00000     42.530        797    
Carros.VATime                               .00000     .00000     .00000     .00000        362    
Carros.NVATime                              .00000     .00000     .00000     .00000        362    
Carros.WaitTime                             8.0446     2.9533     .00000     32.820        362    
Carros.TranTime                             .00000     .00000     .00000     .00000        362    
Carros.OtherTime                            .00000     .00000     .00000     .00000        362    
Carros.TotalTime                            8.0446     2.9533     .00000     32.820        362    
Articulos.VATime                            4.4688     .24500     1.0004     21.211        794    
Articulos.NVATime                           .00000     .00000     .00000     .00000        794    
Articulos.WaitTime                          26.018     (Corr)     .00000     302.05        794    
Articulos.TranTime                          .00000     .00000     .00000     .00000        794    
Articulos.OtherTime                         .00000     .00000     .00000     .00000        794    
Articulos.TotalTime                         30.487     (Corr)     1.3637     320.05        794    
Organizar.Queue.WaitingTime                 18.181     3.8018     .00000     42.530        797    
Sacar Articulos.Queue.WaitingTime           1.3976     .10674     .00000     7.0906        802    
Desembalaje.Queue.WaitingTime               12.242     (Insuf)    .00000     30.027         60    
NoOrganizar.Queue.WaitingTime               54.502     (Insuf)    .00000     259.08         60    
Detener Carros.Queue.WaitingTime            8.0446     2.9533     .00000     32.820        362    
TenerArticulos.Queue.WaitingTime            1.4273     (Corr)     .00000     7.1682        800    

                                     DISCRETE-CHANGE VARIABLES

Identifier                                  Average   Half Width  Minimum    Maximum   Final Value
___________________________________________________________________________________________________

Carros.WIP                                  1.3867     .57158     .00000     12.000     .00000    
Articulos.WIP                               11.595     (Corr)     .00000     29.000     8.0000    
rOrganizdor.NumberBusy                      .93587     (Insuf)    .00000     1.0000     1.0000    
rOrganizdor.NumberScheduled                 1.0000     (Insuf)    1.0000     1.0000     1.0000    
rOrganizdor.Utilization                     .93587     (Insuf)    .00000     1.0000     1.0000    
rSacador.NumberBusy                         .76230     (Insuf)    .00000     1.0000     1.0000    
rSacador.NumberScheduled                    1.0000     (Insuf)    1.0000     1.0000     1.0000    
rSacador.Utilization                        .76230     (Insuf)    .00000     1.0000     1.0000    
Organizar.Queue.NumberInQueue               6.9052     (Corr)     .00000     20.000     3.0000    
Sacar Articulos.Queue.NumberInQueue         .53376     .05480     .00000     2.0000     .00000    
Desembalaje.Queue.NumberInQueue             .34977     (Insuf)    .00000     1.0000     .00000    
NoOrganizar.Queue.NumberInQueue             1.5636     (Insuf)    .00000     9.0000     2.0000    
Detener Carros.Queue.NumberInQueue          1.3867     .57158     .00000     9.0000     .00000    
TenerArticulos.Queue.NumberInQueue          .54481     .07161     .00000     3.0000     1.0000    

                                             OUTPUTS

Identifier                                   Value
_____________________________________________________________

Sacar Articulos Accum VA Time               1598.5    
Organizar Accum Wait Time                   14490.    
Organizar Number In                         800.00    
Desembalaje Number In                       60.000    
Desembalaje Number Out                      59.000    
Sacar Articulos Number In                   802.00    
Desembalaje Accum VA Time                   754.34    
Sacar Articulos Accum Wait Time             1120.8    
Organizar Number Out                        797.00    
Sacar Articulos Number Out                  801.00    
Desembalaje Accum Wait Time                 721.63    
Organizar Accum VA Time                     1210.2    
Carros.NumberIn                             1164.0    
Carros.NumberOut                            1164.0    
Articulos.NumberIn                          802.00    
Articulos.NumberOut                         794.00    
rOrganizdor.NumberSeized                    857.00    
rOrganizdor.ScheduledUtilization            .93587    
rSacador.NumberSeized                       802.00    
rSacador.ScheduledUtilization               .76230    
System.NumberOut                            1156.0    

Beginning replication 12 of 12

                                      ARENA Simulation Results
                            nestorandres4@hotmail.com - License: STUDENT

                                  Summary for Replication 12 of 12

Project: Tener Articulso                                             Run execution date : 5/21/2025
Analyst: nestorandres4@hotmail.com                                   Model revision date: 5/21/2025

Replication ended at time      : 2100.0 Minutes 
Base Time Units: Minutes

                                           TALLY VARIABLES

Identifier                                  Average   Half Width  Minimum    Maximum   Observations
___________________________________________________________________________________________________

Sacar Articulos.VATimePerEntity             2.0714     .11952     .00000     3.8659        737    
Sacar Articulos.WaitTimePerEntity           1.4782     .11670     .00000     6.8292        737    
Desembalaje.VATimePerEntity                 11.951     (Insuf)    8.1706     15.986         67    
Organizar.VATimePerEntity                   1.5173     .01807     1.0109     1.9994        732    
Desembalaje.TotalTimePerEntity              23.461     (Insuf)    8.9597     49.564         67    
Organizar.TotalTimePerEntity                18.076     (Corr)     1.0148     49.948        732    
Sacar Articulos.TotalTimePerEntity          3.5497     .20650     .00000     9.3061        737    
Desembalaje.WaitTimePerEntity               11.510     (Insuf)    .00000     34.277         67    
Organizar.WaitTimePerEntity                 16.559     (Corr)     .00000     48.023        732    
Carros.VATime                               .00000     .00000     .00000     .00000        322    
Carros.NVATime                              .00000     .00000     .00000     .00000        322    
Carros.WaitTime                             5.5841     1.8579     .00000     26.107        322    
Carros.TranTime                             .00000     .00000     .00000     .00000        322    
Carros.OtherTime                            .00000     .00000     .00000     .00000        322    
Carros.TotalTime                            5.5841     1.8579     .00000     26.107        322    
Articulos.VATime                            4.6805     .29122     1.0132     20.000        730    
Articulos.NVATime                           .00000     .00000     .00000     .00000        730    
Articulos.WaitTime                          26.287     (Corr)     .00000     229.78        730    
Articulos.TranTime                          .00000     .00000     .00000     .00000        730    
Articulos.OtherTime                         .00000     .00000     .00000     .00000        730    
Articulos.TotalTime                         30.968     (Corr)     2.8329     245.22        730    
Organizar.Queue.WaitingTime                 16.559     (Corr)     .00000     48.023        732    
Sacar Articulos.Queue.WaitingTime           1.4782     .11670     .00000     6.8292        737    
Desembalaje.Queue.WaitingTime               11.544     (Insuf)    .00000     34.277         68    
NoOrganizar.Queue.WaitingTime               61.206     (Insuf)    .00000     193.21         68    
Detener Carros.Queue.WaitingTime            5.5841     1.8579     .00000     26.107        322    
TenerArticulos.Queue.WaitingTime            1.4998     .10035     .00000     6.8571        737    

                                     DISCRETE-CHANGE VARIABLES

Identifier                                  Average   Half Width  Minimum    Maximum   Final Value
___________________________________________________________________________________________________

Carros.WIP                                  .85623     .32030     .00000     9.0000     .00000    
Articulos.WIP                               10.842     (Corr)     .00000     29.000     7.0000    
rOrganizdor.NumberBusy                      .91035     (Insuf)    .00000     1.0000     1.0000    
rOrganizdor.NumberScheduled                 1.0000     (Insuf)    1.0000     1.0000     1.0000    
rOrganizdor.Utilization                     .91035     (Insuf)    .00000     1.0000     1.0000    
rSacador.NumberBusy                         .72698     (Insuf)    .00000     1.0000     .00000    
rSacador.NumberScheduled                    1.0000     (Insuf)    1.0000     1.0000     1.0000    
rSacador.Utilization                        .72698     (Insuf)    .00000     1.0000     .00000    
Organizar.Queue.NumberInQueue               5.7902     (Corr)     .00000     24.000     5.0000    
Sacar Articulos.Queue.NumberInQueue         .51879     .05824     .00000     2.0000     .00000    
Desembalaje.Queue.NumberInQueue             .37383     (Insuf)    .00000     1.0000     .00000    
NoOrganizar.Queue.NumberInQueue             1.9962     (Insuf)    .00000     9.0000     1.0000    
Detener Carros.Queue.NumberInQueue          .85623     .32030     .00000     7.0000     .00000    
TenerArticulos.Queue.NumberInQueue          .52637     .04943     .00000     3.0000     .00000    

                                             OUTPUTS

Identifier                                   Value
_____________________________________________________________

Sacar Articulos Accum VA Time               1526.6    
Organizar Accum Wait Time                   12121.    
Organizar Number In                         737.00    
Desembalaje Number In                       68.000    
Desembalaje Number Out                      67.000    
Sacar Articulos Number In                   737.00    
Desembalaje Accum VA Time                   800.73    
Sacar Articulos Accum Wait Time             1089.4    
Organizar Number Out                        732.00    
Sacar Articulos Number Out                  737.00    
Desembalaje Accum Wait Time                 771.21    
Organizar Accum VA Time                     1110.6    
Carros.NumberIn                             1059.0    
Carros.NumberOut                            1059.0    
Articulos.NumberIn                          737.00    
Articulos.NumberOut                         730.00    
rOrganizdor.NumberSeized                    800.00    
rOrganizdor.ScheduledUtilization            .91035    
rSacador.NumberSeized                       737.00    
rSacador.ScheduledUtilization               .72698    
System.NumberOut                            1052.0    


                                      ARENA Simulation Results
                            nestorandres4@hotmail.com - License: STUDENT

                                 Output Summary for 12 Replications

Project: Tener Articulso                                             Run execution date : 5/21/2025
Analyst: nestorandres4@hotmail.com                                   Model revision date: 5/21/2025


                                             OUTPUTS

Identifier                                 Average    Half-width Minimum    Maximum # Replications
___________________________________________________________________________________________________

Sacar Articulos Accum VA Time               1584.7     41.426     1473.7     1673.2     12
Organizar Accum Wait Time                   14481.     1823.5     9643.8     18159.     12
Organizar Number In                         794.91     21.853     737.00     841.00     12
Desembalaje Number In                       66.000     2.6406     59.000     70.000     12
Desembalaje Number Out                      65.083     2.6882     58.000     69.000     12
Sacar Articulos Number In                   796.41     22.067     737.00     844.00     12
Desembalaje Accum VA Time                   783.21     30.834     678.52     840.77     12
Sacar Articulos Accum Wait Time             1151.8     37.335     1064.4     1232.8     12
Organizar Number Out                        786.00     20.803     732.00     829.00     12
Sacar Articulos Number Out                  795.08     21.927     737.00     841.00     12
Desembalaje Accum Wait Time                 811.48     91.318     546.46     1012.8     12
Organizar Accum VA Time                     1181.2     32.340     1106.0     1255.9     12
Carros.NumberIn                             1145.9     31.597     1059.0     1210.0     12
Carros.NumberOut                            1145.3     31.652     1059.0     1210.0     12
Articulos.NumberIn                          796.41     22.067     737.00     844.00     12
Articulos.NumberOut                         783.16     20.040     730.00     826.00     12
rOrganizdor.NumberSeized                    852.08     20.397     800.00     893.00     12
rOrganizdor.ScheduledUtilization            .93693     .01911     .87409     .98952     12
rSacador.NumberSeized                       795.66     21.998     737.00     842.00     12
rSacador.ScheduledUtilization               .75499     .01969     .70282     .79677     12
System.NumberOut                            1132.0     29.634     1052.0     1192.0     12

Simulation run time: 0.05 minutes.
Simulation run complete.
